0 info it worked if it ends with ok
1 verbose cli [ 'node', '/usr/local/bin/npm', 'install' ]
2 info using npm@3.5.3
3 info using node@v0.12.0
4 silly loadCurrentTree Starting
5 silly install loadCurrentTree
6 silly install readLocalPackageData
7 silly install normalizeTree
8 silly loadCurrentTree Finishing
9 silly loadIdealTree Starting
10 silly install loadIdealTree
11 silly cloneCurrentTree Starting
12 silly install cloneCurrentTreeToIdealTree
13 silly cloneCurrentTree Finishing
14 silly loadShrinkwrap Starting
15 silly install loadShrinkwrap
16 silly loadShrinkwrap Finishing
17 silly loadAllDepsIntoIdealTree Starting
18 silly install loadAllDepsIntoIdealTree
19 silly loadAllDepsIntoIdealTree Finishing
20 silly idealTree:prePrune ApiScupJS@0.0.0
20 silly idealTree:prePrune ├── abbrev@1.0.7
20 silly idealTree:prePrune ├── accepts@1.1.4
20 silly idealTree:prePrune ├── ansi-regex@2.0.0
20 silly idealTree:prePrune ├── ansi-styles@2.1.0
20 silly idealTree:prePrune ├── anymatch@1.3.0
20 silly idealTree:prePrune ├── arr-diff@2.0.0
20 silly idealTree:prePrune ├── arr-flatten@1.0.1
20 silly idealTree:prePrune ├── array-unique@0.2.1
20 silly idealTree:prePrune ├── arrify@1.0.1
20 silly idealTree:prePrune ├── asn1@0.2.3
20 silly idealTree:prePrune ├── assert-plus@0.2.0
20 silly idealTree:prePrune ├── async-each@0.1.6
20 silly idealTree:prePrune ├── async@1.5.2
20 silly idealTree:prePrune ├── aws-sign2@0.6.0
20 silly idealTree:prePrune ├── aws4@1.2.1
20 silly idealTree:prePrune ├── balanced-match@0.3.0
20 silly idealTree:prePrune ├── binary-extensions@1.4.0
20 silly idealTree:prePrune ├── bl@1.0.1
20 silly idealTree:prePrune ├── bluebird@2.10.2
20 silly idealTree:prePrune ├── boom@2.10.1
20 silly idealTree:prePrune ├── brace-expansion@1.1.2
20 silly idealTree:prePrune ├── braces@1.8.3
20 silly idealTree:prePrune ├── caseless@0.11.0
20 silly idealTree:prePrune ├── chalk@1.1.1
20 silly idealTree:prePrune ├── chokidar@1.4.2
20 silly idealTree:prePrune ├── combined-stream@1.0.5
20 silly idealTree:prePrune ├── commander@2.9.0
20 silly idealTree:prePrune ├── concat-map@0.0.1
20 silly idealTree:prePrune ├── configstore@1.4.0
20 silly idealTree:prePrune ├── content-disposition@0.5.0
20 silly idealTree:prePrune ├── cookie-signature@1.0.5
20 silly idealTree:prePrune ├── cookie@0.1.2
20 silly idealTree:prePrune ├── core-util-is@1.0.2
20 silly idealTree:prePrune ├── crc@3.2.1
20 silly idealTree:prePrune ├── cryptiles@2.0.5
20 silly idealTree:prePrune ├── dashdash@1.12.2
20 silly idealTree:prePrune ├── debug@2.1.3
20 silly idealTree:prePrune ├── deep-extend@0.4.1
20 silly idealTree:prePrune ├── delayed-stream@1.0.0
20 silly idealTree:prePrune ├── depd@1.0.1
20 silly idealTree:prePrune ├── destroy@1.0.3
20 silly idealTree:prePrune ├── duplexer@0.1.1
20 silly idealTree:prePrune ├── duplexify@3.4.2
20 silly idealTree:prePrune ├── ecc-jsbn@0.1.1
20 silly idealTree:prePrune ├── ee-first@1.1.0
20 silly idealTree:prePrune ├── end-of-stream@1.0.0
20 silly idealTree:prePrune ├── es6-promise@3.0.2
20 silly idealTree:prePrune ├── escape-html@1.0.1
20 silly idealTree:prePrune ├── escape-string-regexp@1.0.4
20 silly idealTree:prePrune ├── etag@1.5.1
20 silly idealTree:prePrune ├── event-stream@3.3.2
20 silly idealTree:prePrune ├── expand-brackets@0.1.4
20 silly idealTree:prePrune ├── expand-range@1.8.1
20 silly idealTree:prePrune ├── express@4.10.8
20 silly idealTree:prePrune ├── extend@3.0.0
20 silly idealTree:prePrune ├── extglob@0.3.2
20 silly idealTree:prePrune ├── extsprintf@1.0.2
20 silly idealTree:prePrune ├── filename-regex@2.0.0
20 silly idealTree:prePrune ├── fill-range@2.2.3
20 silly idealTree:prePrune ├── finalhandler@0.3.3
20 silly idealTree:prePrune ├── for-in@0.1.4
20 silly idealTree:prePrune ├── for-own@0.1.3
20 silly idealTree:prePrune ├── forever-agent@0.6.1
20 silly idealTree:prePrune ├─┬ form-data@1.0.0-rc3
20 silly idealTree:prePrune │ ├── mime-db@1.21.0
20 silly idealTree:prePrune │ └── mime-types@2.1.9
20 silly idealTree:prePrune ├── forwarded@0.1.0
20 silly idealTree:prePrune ├── fresh@0.2.4
20 silly idealTree:prePrune ├── from@0.1.3
20 silly idealTree:prePrune ├─┬ fsevents@1.0.7
20 silly idealTree:prePrune │ ├── ansi-regex@2.0.0
20 silly idealTree:prePrune │ ├── ansi-styles@2.1.0
20 silly idealTree:prePrune │ ├── ansi@0.3.0
20 silly idealTree:prePrune │ ├── are-we-there-yet@1.0.5
20 silly idealTree:prePrune │ ├── asn1@0.2.3
20 silly idealTree:prePrune │ ├── assert-plus@0.1.5
20 silly idealTree:prePrune │ ├── async@1.5.1
20 silly idealTree:prePrune │ ├── aws-sign2@0.6.0
20 silly idealTree:prePrune │ ├── bl@1.0.0
20 silly idealTree:prePrune │ ├── block-stream@0.0.8
20 silly idealTree:prePrune │ ├── boom@2.10.1
20 silly idealTree:prePrune │ ├── caseless@0.11.0
20 silly idealTree:prePrune │ ├── chalk@1.1.1
20 silly idealTree:prePrune │ ├── combined-stream@1.0.5
20 silly idealTree:prePrune │ ├── commander@2.9.0
20 silly idealTree:prePrune │ ├── core-util-is@1.0.2
20 silly idealTree:prePrune │ ├── cryptiles@2.0.5
20 silly idealTree:prePrune │ ├── dashdash@1.11.0
20 silly idealTree:prePrune │ ├── debug@0.7.4
20 silly idealTree:prePrune │ ├── deep-extend@0.4.0
20 silly idealTree:prePrune │ ├── delayed-stream@1.0.0
20 silly idealTree:prePrune │ ├── delegates@0.1.0
20 silly idealTree:prePrune │ ├── ecc-jsbn@0.1.1
20 silly idealTree:prePrune │ ├── escape-string-regexp@1.0.4
20 silly idealTree:prePrune │ ├── extend@3.0.0
20 silly idealTree:prePrune │ ├── extsprintf@1.0.2
20 silly idealTree:prePrune │ ├── forever-agent@0.6.1
20 silly idealTree:prePrune │ ├── form-data@1.0.0-rc3
20 silly idealTree:prePrune │ ├─┬ fstream-ignore@1.0.3
20 silly idealTree:prePrune │ │ └─┬ minimatch@3.0.0
20 silly idealTree:prePrune │ │   └─┬ brace-expansion@1.1.2
20 silly idealTree:prePrune │ │     ├── balanced-match@0.3.0
20 silly idealTree:prePrune │ │     └── concat-map@0.0.1
20 silly idealTree:prePrune │ ├── fstream@1.0.8
20 silly idealTree:prePrune │ ├── gauge@1.2.2
20 silly idealTree:prePrune │ ├── generate-function@2.0.0
20 silly idealTree:prePrune │ ├── generate-object-property@1.2.0
20 silly idealTree:prePrune │ ├── graceful-fs@4.1.2
20 silly idealTree:prePrune │ ├── graceful-readlink@1.0.1
20 silly idealTree:prePrune │ ├── har-validator@2.0.3
20 silly idealTree:prePrune │ ├── has-ansi@2.0.0
20 silly idealTree:prePrune │ ├── has-unicode@1.0.1
20 silly idealTree:prePrune │ ├── hawk@3.1.2
20 silly idealTree:prePrune │ ├── hoek@2.16.3
20 silly idealTree:prePrune │ ├── http-signature@1.1.0
20 silly idealTree:prePrune │ ├── inherits@2.0.1
20 silly idealTree:prePrune │ ├── ini@1.3.4
20 silly idealTree:prePrune │ ├── is-my-json-valid@2.12.3
20 silly idealTree:prePrune │ ├── is-property@1.0.2
20 silly idealTree:prePrune │ ├── is-typedarray@1.0.0
20 silly idealTree:prePrune │ ├── isarray@0.0.1
20 silly idealTree:prePrune │ ├── isstream@0.1.2
20 silly idealTree:prePrune │ ├── jodid25519@1.0.2
20 silly idealTree:prePrune │ ├── jsbn@0.1.0
20 silly idealTree:prePrune │ ├── json-schema@0.2.2
20 silly idealTree:prePrune │ ├── json-stringify-safe@5.0.1
20 silly idealTree:prePrune │ ├── jsonpointer@2.0.0
20 silly idealTree:prePrune │ ├── jsprim@1.2.2
20 silly idealTree:prePrune │ ├── lodash._basetostring@3.0.1
20 silly idealTree:prePrune │ ├── lodash._createpadding@3.6.1
20 silly idealTree:prePrune │ ├── lodash.pad@3.1.1
20 silly idealTree:prePrune │ ├── lodash.padleft@3.1.1
20 silly idealTree:prePrune │ ├── lodash.padright@3.1.1
20 silly idealTree:prePrune │ ├── lodash.repeat@3.0.1
20 silly idealTree:prePrune │ ├── mime-db@1.21.0
20 silly idealTree:prePrune │ ├── mime-types@2.1.9
20 silly idealTree:prePrune │ ├── minimist@0.0.8
20 silly idealTree:prePrune │ ├── mkdirp@0.5.1
20 silly idealTree:prePrune │ ├─┬ node-pre-gyp@0.6.19
20 silly idealTree:prePrune │ │ └─┬ nopt@3.0.6
20 silly idealTree:prePrune │ │   └── abbrev@1.0.7
20 silly idealTree:prePrune │ ├── node-uuid@1.4.7
20 silly idealTree:prePrune │ ├── npmlog@2.0.0
20 silly idealTree:prePrune │ ├── oauth-sign@0.8.0
20 silly idealTree:prePrune │ ├── once@1.1.1
20 silly idealTree:prePrune │ ├── pinkie-promise@2.0.0
20 silly idealTree:prePrune │ ├── pinkie@2.0.1
20 silly idealTree:prePrune │ ├── process-nextick-args@1.0.6
20 silly idealTree:prePrune │ ├── qs@5.2.0
20 silly idealTree:prePrune │ ├─┬ rc@1.1.6
20 silly idealTree:prePrune │ │ └── minimist@1.2.0
20 silly idealTree:prePrune │ ├── readable-stream@2.0.5
20 silly idealTree:prePrune │ ├── request@2.67.0
20 silly idealTree:prePrune │ ├─┬ rimraf@2.5.0
20 silly idealTree:prePrune │ │ └─┬ glob@6.0.3
20 silly idealTree:prePrune │ │   ├─┬ inflight@1.0.4
20 silly idealTree:prePrune │ │   │ └── wrappy@1.0.1
20 silly idealTree:prePrune │ │   ├── inherits@2.0.1
20 silly idealTree:prePrune │ │   ├─┬ minimatch@3.0.0
20 silly idealTree:prePrune │ │   │ └─┬ brace-expansion@1.1.2
20 silly idealTree:prePrune │ │   │   ├── balanced-match@0.3.0
20 silly idealTree:prePrune │ │   │   └── concat-map@0.0.1
20 silly idealTree:prePrune │ │   ├─┬ once@1.3.3
20 silly idealTree:prePrune │ │   │ └── wrappy@1.0.1
20 silly idealTree:prePrune │ │   └── path-is-absolute@1.0.0
20 silly idealTree:prePrune │ ├── semver@5.1.0
20 silly idealTree:prePrune │ ├── sntp@1.0.9
20 silly idealTree:prePrune │ ├─┬ sshpk@1.7.2
20 silly idealTree:prePrune │ │ └── assert-plus@0.2.0
20 silly idealTree:prePrune │ ├── string_decoder@0.10.31
20 silly idealTree:prePrune │ ├── stringstream@0.0.5
20 silly idealTree:prePrune │ ├── strip-ansi@3.0.0
20 silly idealTree:prePrune │ ├── strip-json-comments@1.0.4
20 silly idealTree:prePrune │ ├── supports-color@2.0.0
20 silly idealTree:prePrune │ ├─┬ tar-pack@3.1.2
20 silly idealTree:prePrune │ │ └─┬ rimraf@2.4.5
20 silly idealTree:prePrune │ │   └─┬ glob@6.0.3
20 silly idealTree:prePrune │ │     ├─┬ inflight@1.0.4
20 silly idealTree:prePrune │ │     │ └── wrappy@1.0.1
20 silly idealTree:prePrune │ │     ├── inherits@2.0.1
20 silly idealTree:prePrune │ │     ├─┬ minimatch@3.0.0
20 silly idealTree:prePrune │ │     │ └─┬ brace-expansion@1.1.2
20 silly idealTree:prePrune │ │     │   ├── balanced-match@0.3.0
20 silly idealTree:prePrune │ │     │   └── concat-map@0.0.1
20 silly idealTree:prePrune │ │     ├─┬ once@1.3.3
20 silly idealTree:prePrune │ │     │ └── wrappy@1.0.1
20 silly idealTree:prePrune │ │     └── path-is-absolute@1.0.0
20 silly idealTree:prePrune │ ├── tar@2.2.1
20 silly idealTree:prePrune │ ├── tough-cookie@2.2.1
20 silly idealTree:prePrune │ ├── tunnel-agent@0.4.2
20 silly idealTree:prePrune │ ├── tweetnacl@0.13.2
20 silly idealTree:prePrune │ ├── uid-number@0.0.3
20 silly idealTree:prePrune │ ├── util-deprecate@1.0.2
20 silly idealTree:prePrune │ ├── verror@1.3.6
20 silly idealTree:prePrune │ └── xtend@4.0.1
20 silly idealTree:prePrune ├── generate-function@2.0.0
20 silly idealTree:prePrune ├── generate-object-property@1.2.0
20 silly idealTree:prePrune ├── glob-base@0.3.0
20 silly idealTree:prePrune ├── glob-parent@2.0.0
20 silly idealTree:prePrune ├─┬ got@3.3.1
20 silly idealTree:prePrune │ └── object-assign@3.0.0
20 silly idealTree:prePrune ├── graceful-fs@4.1.3
20 silly idealTree:prePrune ├── graceful-readlink@1.0.1
20 silly idealTree:prePrune ├── har-validator@2.0.6
20 silly idealTree:prePrune ├── has-ansi@2.0.0
20 silly idealTree:prePrune ├── hawk@3.1.3
20 silly idealTree:prePrune ├── hoek@2.16.3
20 silly idealTree:prePrune ├── http-signature@1.1.1
20 silly idealTree:prePrune ├── imurmurhash@0.1.4
20 silly idealTree:prePrune ├── infinity-agent@2.0.3
20 silly idealTree:prePrune ├── inherits@2.0.1
20 silly idealTree:prePrune ├── ini@1.3.4
20 silly idealTree:prePrune ├── ipaddr.js@1.0.5
20 silly idealTree:prePrune ├── is-binary-path@1.0.1
20 silly idealTree:prePrune ├── is-buffer@1.1.2
20 silly idealTree:prePrune ├── is-dotfile@1.0.2
20 silly idealTree:prePrune ├── is-equal-shallow@0.1.3
20 silly idealTree:prePrune ├── is-extendable@0.1.1
20 silly idealTree:prePrune ├── is-extglob@1.0.0
20 silly idealTree:prePrune ├── is-finite@1.0.1
20 silly idealTree:prePrune ├── is-glob@2.0.1
20 silly idealTree:prePrune ├── is-my-json-valid@2.12.4
20 silly idealTree:prePrune ├── is-npm@1.0.0
20 silly idealTree:prePrune ├── is-number@2.1.0
20 silly idealTree:prePrune ├── is-primitive@2.0.0
20 silly idealTree:prePrune ├── is-property@1.0.2
20 silly idealTree:prePrune ├── is-redirect@1.0.0
20 silly idealTree:prePrune ├── is-stream@1.0.1
20 silly idealTree:prePrune ├── is-typedarray@1.0.0
20 silly idealTree:prePrune ├── isarray@0.0.1
20 silly idealTree:prePrune ├── isobject@2.0.0
20 silly idealTree:prePrune ├── isstream@0.1.2
20 silly idealTree:prePrune ├── jodid25519@1.0.2
20 silly idealTree:prePrune ├── js-md5@0.4.0
20 silly idealTree:prePrune ├── jsbn@0.1.0
20 silly idealTree:prePrune ├── json-schema@0.2.2
20 silly idealTree:prePrune ├── json-stringify-safe@5.0.1
20 silly idealTree:prePrune ├── jsonpointer@2.0.0
20 silly idealTree:prePrune ├── jsprim@1.2.2
20 silly idealTree:prePrune ├── kind-of@3.0.2
20 silly idealTree:prePrune ├── latest-version@1.0.1
20 silly idealTree:prePrune ├── lodash._baseassign@3.2.0
20 silly idealTree:prePrune ├── lodash._basecopy@3.0.1
20 silly idealTree:prePrune ├── lodash._bindcallback@3.0.1
20 silly idealTree:prePrune ├── lodash._createassigner@3.1.1
20 silly idealTree:prePrune ├── lodash._getnative@3.9.1
20 silly idealTree:prePrune ├── lodash._isiterateecall@3.0.9
20 silly idealTree:prePrune ├── lodash.assign@3.2.0
20 silly idealTree:prePrune ├── lodash.defaults@3.1.2
20 silly idealTree:prePrune ├── lodash.isarguments@3.0.6
20 silly idealTree:prePrune ├── lodash.isarray@3.0.4
20 silly idealTree:prePrune ├── lodash.keys@3.1.2
20 silly idealTree:prePrune ├── lodash.restparam@3.6.1
20 silly idealTree:prePrune ├── lowercase-keys@1.0.0
20 silly idealTree:prePrune ├── lru-cache@2.7.3
20 silly idealTree:prePrune ├── map-stream@0.1.0
20 silly idealTree:prePrune ├── media-typer@0.3.0
20 silly idealTree:prePrune ├── merge-descriptors@0.0.2
20 silly idealTree:prePrune ├── methods@1.1.1
20 silly idealTree:prePrune ├── micromatch@2.3.7
20 silly idealTree:prePrune ├── mime-db@1.12.0
20 silly idealTree:prePrune ├── mime-types@2.0.14
20 silly idealTree:prePrune ├── mime@1.2.11
20 silly idealTree:prePrune ├── minimatch@3.0.0
20 silly idealTree:prePrune ├── minimist@0.0.8
20 silly idealTree:prePrune ├── mkdirp@0.5.1
20 silly idealTree:prePrune ├── ms@0.7.0
20 silly idealTree:prePrune ├── nan@2.2.0
20 silly idealTree:prePrune ├── negotiator@0.4.9
20 silly idealTree:prePrune ├── nested-error-stacks@1.0.2
20 silly idealTree:prePrune ├── node-uuid@1.4.7
20 silly idealTree:prePrune ├─┬ nodemon@1.8.1
20 silly idealTree:prePrune │ ├── debug@2.2.0
20 silly idealTree:prePrune │ └── ms@0.7.1
20 silly idealTree:prePrune ├── nopt@1.0.10
20 silly idealTree:prePrune ├── normalize-path@2.0.1
20 silly idealTree:prePrune ├── number-is-nan@1.0.0
20 silly idealTree:prePrune ├── oauth-sign@0.8.1
20 silly idealTree:prePrune ├── object-assign@4.0.1
20 silly idealTree:prePrune ├── object.omit@2.0.0
20 silly idealTree:prePrune ├── on-finished@2.2.1
20 silly idealTree:prePrune ├── once@1.3.3
20 silly idealTree:prePrune ├── os-homedir@1.0.1
20 silly idealTree:prePrune ├── os-tmpdir@1.0.1
20 silly idealTree:prePrune ├── osenv@0.1.3
20 silly idealTree:prePrune ├── package-json@1.2.0
20 silly idealTree:prePrune ├── parse-glob@3.0.4
20 silly idealTree:prePrune ├── parseurl@1.3.1
20 silly idealTree:prePrune ├── path-is-absolute@1.0.0
20 silly idealTree:prePrune ├── path-to-regexp@0.1.3
20 silly idealTree:prePrune ├── pause-stream@0.0.11
20 silly idealTree:prePrune ├── pinkie-promise@2.0.0
20 silly idealTree:prePrune ├── pinkie@2.0.4
20 silly idealTree:prePrune ├── prepend-http@1.0.3
20 silly idealTree:prePrune ├── preserve@0.2.0
20 silly idealTree:prePrune ├── process-nextick-args@1.0.6
20 silly idealTree:prePrune ├── proxy-addr@1.0.10
20 silly idealTree:prePrune ├── ps-tree@1.0.1
20 silly idealTree:prePrune ├── qs@2.3.3
20 silly idealTree:prePrune ├── randomatic@1.1.5
20 silly idealTree:prePrune ├── range-parser@1.0.3
20 silly idealTree:prePrune ├─┬ rc@1.1.6
20 silly idealTree:prePrune │ └── minimist@1.2.0
20 silly idealTree:prePrune ├── read-all-stream@3.1.0
20 silly idealTree:prePrune ├── readable-stream@2.0.5
20 silly idealTree:prePrune ├─┬ readdirp@2.0.0
20 silly idealTree:prePrune │ └── minimatch@2.0.10
20 silly idealTree:prePrune ├── regex-cache@0.4.2
20 silly idealTree:prePrune ├── registry-url@3.0.3
20 silly idealTree:prePrune ├── repeat-element@1.1.2
20 silly idealTree:prePrune ├── repeat-string@1.5.2
20 silly idealTree:prePrune ├── repeating@1.1.3
20 silly idealTree:prePrune ├─┬ request@2.69.0
20 silly idealTree:prePrune │ ├── mime-db@1.21.0
20 silly idealTree:prePrune │ ├── mime-types@2.1.9
20 silly idealTree:prePrune │ └── qs@6.0.2
20 silly idealTree:prePrune ├── semver-diff@2.1.0
20 silly idealTree:prePrune ├── semver@5.1.0
20 silly idealTree:prePrune ├─┬ send@0.10.1
20 silly idealTree:prePrune │ ├── ms@0.6.2
20 silly idealTree:prePrune │ └── on-finished@2.1.1
20 silly idealTree:prePrune ├── serve-static@1.7.2
20 silly idealTree:prePrune ├── slide@1.1.6
20 silly idealTree:prePrune ├── sntp@1.0.9
20 silly idealTree:prePrune ├── split@0.3.3
20 silly idealTree:prePrune ├── sshpk@1.7.3
20 silly idealTree:prePrune ├── stream-combiner@0.0.4
20 silly idealTree:prePrune ├── string_decoder@0.10.31
20 silly idealTree:prePrune ├── string-length@1.0.1
20 silly idealTree:prePrune ├── stringstream@0.0.5
20 silly idealTree:prePrune ├── strip-ansi@3.0.0
20 silly idealTree:prePrune ├── strip-json-comments@1.0.4
20 silly idealTree:prePrune ├── supports-color@2.0.0
20 silly idealTree:prePrune ├── through@2.3.8
20 silly idealTree:prePrune ├── timed-out@2.0.0
20 silly idealTree:prePrune ├── touch@1.0.0
20 silly idealTree:prePrune ├── tough-cookie@2.2.1
20 silly idealTree:prePrune ├── tunnel-agent@0.4.2
20 silly idealTree:prePrune ├── tweetnacl@0.13.3
20 silly idealTree:prePrune ├── type-is@1.5.7
20 silly idealTree:prePrune ├── undefsafe@0.0.3
20 silly idealTree:prePrune ├── update-notifier@0.5.0
20 silly idealTree:prePrune ├── util-deprecate@1.0.2
20 silly idealTree:prePrune ├── utils-merge@1.0.0
20 silly idealTree:prePrune ├── uuid@2.0.1
20 silly idealTree:prePrune ├── vary@1.0.1
20 silly idealTree:prePrune ├── verror@1.3.6
20 silly idealTree:prePrune ├── wrappy@1.0.1
20 silly idealTree:prePrune ├── write-file-atomic@1.1.4
20 silly idealTree:prePrune ├── xdg-basedir@2.0.0
20 silly idealTree:prePrune └── xtend@4.0.1
21 silly loadIdealTree Finishing
22 silly currentTree ApiScupJS@0.0.0
22 silly currentTree ├── abbrev@1.0.7
22 silly currentTree ├── accepts@1.1.4
22 silly currentTree ├── ansi-regex@2.0.0
22 silly currentTree ├── ansi-styles@2.1.0
22 silly currentTree ├── anymatch@1.3.0
22 silly currentTree ├── arr-diff@2.0.0
22 silly currentTree ├── arr-flatten@1.0.1
22 silly currentTree ├── array-unique@0.2.1
22 silly currentTree ├── arrify@1.0.1
22 silly currentTree ├── asn1@0.2.3
22 silly currentTree ├── assert-plus@0.2.0
22 silly currentTree ├── async-each@0.1.6
22 silly currentTree ├── async@1.5.2
22 silly currentTree ├── aws-sign2@0.6.0
22 silly currentTree ├── aws4@1.2.1
22 silly currentTree ├── balanced-match@0.3.0
22 silly currentTree ├── binary-extensions@1.4.0
22 silly currentTree ├── bl@1.0.1
22 silly currentTree ├── bluebird@2.10.2
22 silly currentTree ├── boom@2.10.1
22 silly currentTree ├── brace-expansion@1.1.2
22 silly currentTree ├── braces@1.8.3
22 silly currentTree ├── caseless@0.11.0
22 silly currentTree ├── chalk@1.1.1
22 silly currentTree ├── chokidar@1.4.2
22 silly currentTree ├── combined-stream@1.0.5
22 silly currentTree ├── commander@2.9.0
22 silly currentTree ├── concat-map@0.0.1
22 silly currentTree ├── configstore@1.4.0
22 silly currentTree ├── content-disposition@0.5.0
22 silly currentTree ├── cookie-signature@1.0.5
22 silly currentTree ├── cookie@0.1.2
22 silly currentTree ├── core-util-is@1.0.2
22 silly currentTree ├── crc@3.2.1
22 silly currentTree ├── cryptiles@2.0.5
22 silly currentTree ├── dashdash@1.12.2
22 silly currentTree ├── debug@2.1.3
22 silly currentTree ├── deep-extend@0.4.1
22 silly currentTree ├── delayed-stream@1.0.0
22 silly currentTree ├── depd@1.0.1
22 silly currentTree ├── destroy@1.0.3
22 silly currentTree ├── duplexer@0.1.1
22 silly currentTree ├── duplexify@3.4.2
22 silly currentTree ├── ecc-jsbn@0.1.1
22 silly currentTree ├── ee-first@1.1.0
22 silly currentTree ├── end-of-stream@1.0.0
22 silly currentTree ├── es6-promise@3.0.2
22 silly currentTree ├── escape-html@1.0.1
22 silly currentTree ├── escape-string-regexp@1.0.4
22 silly currentTree ├── etag@1.5.1
22 silly currentTree ├── event-stream@3.3.2
22 silly currentTree ├── expand-brackets@0.1.4
22 silly currentTree ├── expand-range@1.8.1
22 silly currentTree ├── express@4.10.8
22 silly currentTree ├── extend@3.0.0
22 silly currentTree ├── extglob@0.3.2
22 silly currentTree ├── extsprintf@1.0.2
22 silly currentTree ├── filename-regex@2.0.0
22 silly currentTree ├── fill-range@2.2.3
22 silly currentTree ├── finalhandler@0.3.3
22 silly currentTree ├── for-in@0.1.4
22 silly currentTree ├── for-own@0.1.3
22 silly currentTree ├── forever-agent@0.6.1
22 silly currentTree ├─┬ form-data@1.0.0-rc3
22 silly currentTree │ ├── mime-db@1.21.0
22 silly currentTree │ └── mime-types@2.1.9
22 silly currentTree ├── forwarded@0.1.0
22 silly currentTree ├── fresh@0.2.4
22 silly currentTree ├── from@0.1.3
22 silly currentTree ├─┬ fsevents@1.0.7
22 silly currentTree │ ├── ansi-regex@2.0.0
22 silly currentTree │ ├── ansi-styles@2.1.0
22 silly currentTree │ ├── ansi@0.3.0
22 silly currentTree │ ├── are-we-there-yet@1.0.5
22 silly currentTree │ ├── asn1@0.2.3
22 silly currentTree │ ├── assert-plus@0.1.5
22 silly currentTree │ ├── async@1.5.1
22 silly currentTree │ ├── aws-sign2@0.6.0
22 silly currentTree │ ├── bl@1.0.0
22 silly currentTree │ ├── block-stream@0.0.8
22 silly currentTree │ ├── boom@2.10.1
22 silly currentTree │ ├── caseless@0.11.0
22 silly currentTree │ ├── chalk@1.1.1
22 silly currentTree │ ├── combined-stream@1.0.5
22 silly currentTree │ ├── commander@2.9.0
22 silly currentTree │ ├── core-util-is@1.0.2
22 silly currentTree │ ├── cryptiles@2.0.5
22 silly currentTree │ ├── dashdash@1.11.0
22 silly currentTree │ ├── debug@0.7.4
22 silly currentTree │ ├── deep-extend@0.4.0
22 silly currentTree │ ├── delayed-stream@1.0.0
22 silly currentTree │ ├── delegates@0.1.0
22 silly currentTree │ ├── ecc-jsbn@0.1.1
22 silly currentTree │ ├── escape-string-regexp@1.0.4
22 silly currentTree │ ├── extend@3.0.0
22 silly currentTree │ ├── extsprintf@1.0.2
22 silly currentTree │ ├── forever-agent@0.6.1
22 silly currentTree │ ├── form-data@1.0.0-rc3
22 silly currentTree │ ├─┬ fstream-ignore@1.0.3
22 silly currentTree │ │ └─┬ minimatch@3.0.0
22 silly currentTree │ │   └─┬ brace-expansion@1.1.2
22 silly currentTree │ │     ├── balanced-match@0.3.0
22 silly currentTree │ │     └── concat-map@0.0.1
22 silly currentTree │ ├── fstream@1.0.8
22 silly currentTree │ ├── gauge@1.2.2
22 silly currentTree │ ├── generate-function@2.0.0
22 silly currentTree │ ├── generate-object-property@1.2.0
22 silly currentTree │ ├── graceful-fs@4.1.2
22 silly currentTree │ ├── graceful-readlink@1.0.1
22 silly currentTree │ ├── har-validator@2.0.3
22 silly currentTree │ ├── has-ansi@2.0.0
22 silly currentTree │ ├── has-unicode@1.0.1
22 silly currentTree │ ├── hawk@3.1.2
22 silly currentTree │ ├── hoek@2.16.3
22 silly currentTree │ ├── http-signature@1.1.0
22 silly currentTree │ ├── inherits@2.0.1
22 silly currentTree │ ├── ini@1.3.4
22 silly currentTree │ ├── is-my-json-valid@2.12.3
22 silly currentTree │ ├── is-property@1.0.2
22 silly currentTree │ ├── is-typedarray@1.0.0
22 silly currentTree │ ├── isarray@0.0.1
22 silly currentTree │ ├── isstream@0.1.2
22 silly currentTree │ ├── jodid25519@1.0.2
22 silly currentTree │ ├── jsbn@0.1.0
22 silly currentTree │ ├── json-schema@0.2.2
22 silly currentTree │ ├── json-stringify-safe@5.0.1
22 silly currentTree │ ├── jsonpointer@2.0.0
22 silly currentTree │ ├── jsprim@1.2.2
22 silly currentTree │ ├── lodash._basetostring@3.0.1
22 silly currentTree │ ├── lodash._createpadding@3.6.1
22 silly currentTree │ ├── lodash.pad@3.1.1
22 silly currentTree │ ├── lodash.padleft@3.1.1
22 silly currentTree │ ├── lodash.padright@3.1.1
22 silly currentTree │ ├── lodash.repeat@3.0.1
22 silly currentTree │ ├── mime-db@1.21.0
22 silly currentTree │ ├── mime-types@2.1.9
22 silly currentTree │ ├── minimist@0.0.8
22 silly currentTree │ ├── mkdirp@0.5.1
22 silly currentTree │ ├─┬ node-pre-gyp@0.6.19
22 silly currentTree │ │ └─┬ nopt@3.0.6
22 silly currentTree │ │   └── abbrev@1.0.7
22 silly currentTree │ ├── node-uuid@1.4.7
22 silly currentTree │ ├── npmlog@2.0.0
22 silly currentTree │ ├── oauth-sign@0.8.0
22 silly currentTree │ ├── once@1.1.1
22 silly currentTree │ ├── pinkie-promise@2.0.0
22 silly currentTree │ ├── pinkie@2.0.1
22 silly currentTree │ ├── process-nextick-args@1.0.6
22 silly currentTree │ ├── qs@5.2.0
22 silly currentTree │ ├─┬ rc@1.1.6
22 silly currentTree │ │ └── minimist@1.2.0
22 silly currentTree │ ├── readable-stream@2.0.5
22 silly currentTree │ ├── request@2.67.0
22 silly currentTree │ ├─┬ rimraf@2.5.0
22 silly currentTree │ │ └─┬ glob@6.0.3
22 silly currentTree │ │   ├─┬ inflight@1.0.4
22 silly currentTree │ │   │ └── wrappy@1.0.1
22 silly currentTree │ │   ├── inherits@2.0.1
22 silly currentTree │ │   ├─┬ minimatch@3.0.0
22 silly currentTree │ │   │ └─┬ brace-expansion@1.1.2
22 silly currentTree │ │   │   ├── balanced-match@0.3.0
22 silly currentTree │ │   │   └── concat-map@0.0.1
22 silly currentTree │ │   ├─┬ once@1.3.3
22 silly currentTree │ │   │ └── wrappy@1.0.1
22 silly currentTree │ │   └── path-is-absolute@1.0.0
22 silly currentTree │ ├── semver@5.1.0
22 silly currentTree │ ├── sntp@1.0.9
22 silly currentTree │ ├─┬ sshpk@1.7.2
22 silly currentTree │ │ └── assert-plus@0.2.0
22 silly currentTree │ ├── string_decoder@0.10.31
22 silly currentTree │ ├── stringstream@0.0.5
22 silly currentTree │ ├── strip-ansi@3.0.0
22 silly currentTree │ ├── strip-json-comments@1.0.4
22 silly currentTree │ ├── supports-color@2.0.0
22 silly currentTree │ ├─┬ tar-pack@3.1.2
22 silly currentTree │ │ └─┬ rimraf@2.4.5
22 silly currentTree │ │   └─┬ glob@6.0.3
22 silly currentTree │ │     ├─┬ inflight@1.0.4
22 silly currentTree │ │     │ └── wrappy@1.0.1
22 silly currentTree │ │     ├── inherits@2.0.1
22 silly currentTree │ │     ├─┬ minimatch@3.0.0
22 silly currentTree │ │     │ └─┬ brace-expansion@1.1.2
22 silly currentTree │ │     │   ├── balanced-match@0.3.0
22 silly currentTree │ │     │   └── concat-map@0.0.1
22 silly currentTree │ │     ├─┬ once@1.3.3
22 silly currentTree │ │     │ └── wrappy@1.0.1
22 silly currentTree │ │     └── path-is-absolute@1.0.0
22 silly currentTree │ ├── tar@2.2.1
22 silly currentTree │ ├── tough-cookie@2.2.1
22 silly currentTree │ ├── tunnel-agent@0.4.2
22 silly currentTree │ ├── tweetnacl@0.13.2
22 silly currentTree │ ├── uid-number@0.0.3
22 silly currentTree │ ├── util-deprecate@1.0.2
22 silly currentTree │ ├── verror@1.3.6
22 silly currentTree │ └── xtend@4.0.1
22 silly currentTree ├── generate-function@2.0.0
22 silly currentTree ├── generate-object-property@1.2.0
22 silly currentTree ├── glob-base@0.3.0
22 silly currentTree ├── glob-parent@2.0.0
22 silly currentTree ├─┬ got@3.3.1
22 silly currentTree │ └── object-assign@3.0.0
22 silly currentTree ├── graceful-fs@4.1.3
22 silly currentTree ├── graceful-readlink@1.0.1
22 silly currentTree ├── har-validator@2.0.6
22 silly currentTree ├── has-ansi@2.0.0
22 silly currentTree ├── hawk@3.1.3
22 silly currentTree ├── hoek@2.16.3
22 silly currentTree ├── http-signature@1.1.1
22 silly currentTree ├── imurmurhash@0.1.4
22 silly currentTree ├── infinity-agent@2.0.3
22 silly currentTree ├── inherits@2.0.1
22 silly currentTree ├── ini@1.3.4
22 silly currentTree ├── ipaddr.js@1.0.5
22 silly currentTree ├── is-binary-path@1.0.1
22 silly currentTree ├── is-buffer@1.1.2
22 silly currentTree ├── is-dotfile@1.0.2
22 silly currentTree ├── is-equal-shallow@0.1.3
22 silly currentTree ├── is-extendable@0.1.1
22 silly currentTree ├── is-extglob@1.0.0
22 silly currentTree ├── is-finite@1.0.1
22 silly currentTree ├── is-glob@2.0.1
22 silly currentTree ├── is-my-json-valid@2.12.4
22 silly currentTree ├── is-npm@1.0.0
22 silly currentTree ├── is-number@2.1.0
22 silly currentTree ├── is-primitive@2.0.0
22 silly currentTree ├── is-property@1.0.2
22 silly currentTree ├── is-redirect@1.0.0
22 silly currentTree ├── is-stream@1.0.1
22 silly currentTree ├── is-typedarray@1.0.0
22 silly currentTree ├── isarray@0.0.1
22 silly currentTree ├── isobject@2.0.0
22 silly currentTree ├── isstream@0.1.2
22 silly currentTree ├── jodid25519@1.0.2
22 silly currentTree ├── js-md5@0.4.0
22 silly currentTree ├── jsbn@0.1.0
22 silly currentTree ├── json-schema@0.2.2
22 silly currentTree ├── json-stringify-safe@5.0.1
22 silly currentTree ├── jsonpointer@2.0.0
22 silly currentTree ├── jsprim@1.2.2
22 silly currentTree ├── kind-of@3.0.2
22 silly currentTree ├── latest-version@1.0.1
22 silly currentTree ├── lodash._baseassign@3.2.0
22 silly currentTree ├── lodash._basecopy@3.0.1
22 silly currentTree ├── lodash._bindcallback@3.0.1
22 silly currentTree ├── lodash._createassigner@3.1.1
22 silly currentTree ├── lodash._getnative@3.9.1
22 silly currentTree ├── lodash._isiterateecall@3.0.9
22 silly currentTree ├── lodash.assign@3.2.0
22 silly currentTree ├── lodash.defaults@3.1.2
22 silly currentTree ├── lodash.isarguments@3.0.6
22 silly currentTree ├── lodash.isarray@3.0.4
22 silly currentTree ├── lodash.keys@3.1.2
22 silly currentTree ├── lodash.restparam@3.6.1
22 silly currentTree ├── lowercase-keys@1.0.0
22 silly currentTree ├── lru-cache@2.7.3
22 silly currentTree ├── map-stream@0.1.0
22 silly currentTree ├── media-typer@0.3.0
22 silly currentTree ├── merge-descriptors@0.0.2
22 silly currentTree ├── methods@1.1.1
22 silly currentTree ├── micromatch@2.3.7
22 silly currentTree ├── mime-db@1.12.0
22 silly currentTree ├── mime-types@2.0.14
22 silly currentTree ├── mime@1.2.11
22 silly currentTree ├── minimatch@3.0.0
22 silly currentTree ├── minimist@0.0.8
22 silly currentTree ├── mkdirp@0.5.1
22 silly currentTree ├── ms@0.7.0
22 silly currentTree ├── nan@2.2.0
22 silly currentTree ├── negotiator@0.4.9
22 silly currentTree ├── nested-error-stacks@1.0.2
22 silly currentTree ├── node-uuid@1.4.7
22 silly currentTree ├─┬ nodemon@1.8.1
22 silly currentTree │ ├── debug@2.2.0
22 silly currentTree │ └── ms@0.7.1
22 silly currentTree ├── nopt@1.0.10
22 silly currentTree ├── normalize-path@2.0.1
22 silly currentTree ├── number-is-nan@1.0.0
22 silly currentTree ├── oauth-sign@0.8.1
22 silly currentTree ├── object-assign@4.0.1
22 silly currentTree ├── object.omit@2.0.0
22 silly currentTree ├── on-finished@2.2.1
22 silly currentTree ├── once@1.3.3
22 silly currentTree ├── os-homedir@1.0.1
22 silly currentTree ├── os-tmpdir@1.0.1
22 silly currentTree ├── osenv@0.1.3
22 silly currentTree ├── package-json@1.2.0
22 silly currentTree ├── parse-glob@3.0.4
22 silly currentTree ├── parseurl@1.3.1
22 silly currentTree ├── path-is-absolute@1.0.0
22 silly currentTree ├── path-to-regexp@0.1.3
22 silly currentTree ├── pause-stream@0.0.11
22 silly currentTree ├── pinkie-promise@2.0.0
22 silly currentTree ├── pinkie@2.0.4
22 silly currentTree ├── prepend-http@1.0.3
22 silly currentTree ├── preserve@0.2.0
22 silly currentTree ├── process-nextick-args@1.0.6
22 silly currentTree ├── proxy-addr@1.0.10
22 silly currentTree ├── ps-tree@1.0.1
22 silly currentTree ├── qs@2.3.3
22 silly currentTree ├── randomatic@1.1.5
22 silly currentTree ├── range-parser@1.0.3
22 silly currentTree ├─┬ rc@1.1.6
22 silly currentTree │ └── minimist@1.2.0
22 silly currentTree ├── read-all-stream@3.1.0
22 silly currentTree ├── readable-stream@2.0.5
22 silly currentTree ├─┬ readdirp@2.0.0
22 silly currentTree │ └── minimatch@2.0.10
22 silly currentTree ├── regex-cache@0.4.2
22 silly currentTree ├── registry-url@3.0.3
22 silly currentTree ├── repeat-element@1.1.2
22 silly currentTree ├── repeat-string@1.5.2
22 silly currentTree ├── repeating@1.1.3
22 silly currentTree ├─┬ request@2.69.0
22 silly currentTree │ ├── mime-db@1.21.0
22 silly currentTree │ ├── mime-types@2.1.9
22 silly currentTree │ └── qs@6.0.2
22 silly currentTree ├── semver-diff@2.1.0
22 silly currentTree ├── semver@5.1.0
22 silly currentTree ├─┬ send@0.10.1
22 silly currentTree │ ├── ms@0.6.2
22 silly currentTree │ └── on-finished@2.1.1
22 silly currentTree ├── serve-static@1.7.2
22 silly currentTree ├── slide@1.1.6
22 silly currentTree ├── sntp@1.0.9
22 silly currentTree ├── split@0.3.3
22 silly currentTree ├── sshpk@1.7.3
22 silly currentTree ├── stream-combiner@0.0.4
22 silly currentTree ├── string_decoder@0.10.31
22 silly currentTree ├── string-length@1.0.1
22 silly currentTree ├── stringstream@0.0.5
22 silly currentTree ├── strip-ansi@3.0.0
22 silly currentTree ├── strip-json-comments@1.0.4
22 silly currentTree ├── supports-color@2.0.0
22 silly currentTree ├── through@2.3.8
22 silly currentTree ├── timed-out@2.0.0
22 silly currentTree ├── touch@1.0.0
22 silly currentTree ├── tough-cookie@2.2.1
22 silly currentTree ├── tunnel-agent@0.4.2
22 silly currentTree ├── tweetnacl@0.13.3
22 silly currentTree ├── type-is@1.5.7
22 silly currentTree ├── undefsafe@0.0.3
22 silly currentTree ├── update-notifier@0.5.0
22 silly currentTree ├── util-deprecate@1.0.2
22 silly currentTree ├── utils-merge@1.0.0
22 silly currentTree ├── uuid@2.0.1
22 silly currentTree ├── vary@1.0.1
22 silly currentTree ├── verror@1.3.6
22 silly currentTree ├── wrappy@1.0.1
22 silly currentTree ├── write-file-atomic@1.1.4
22 silly currentTree ├── xdg-basedir@2.0.0
22 silly currentTree └── xtend@4.0.1
23 silly idealTree ApiScupJS@0.0.0
23 silly idealTree ├── abbrev@1.0.7
23 silly idealTree ├── accepts@1.1.4
23 silly idealTree ├── ansi-regex@2.0.0
23 silly idealTree ├── ansi-styles@2.1.0
23 silly idealTree ├── anymatch@1.3.0
23 silly idealTree ├── arr-diff@2.0.0
23 silly idealTree ├── arr-flatten@1.0.1
23 silly idealTree ├── array-unique@0.2.1
23 silly idealTree ├── arrify@1.0.1
23 silly idealTree ├── asn1@0.2.3
23 silly idealTree ├── assert-plus@0.2.0
23 silly idealTree ├── async-each@0.1.6
23 silly idealTree ├── async@1.5.2
23 silly idealTree ├── aws-sign2@0.6.0
23 silly idealTree ├── aws4@1.2.1
23 silly idealTree ├── balanced-match@0.3.0
23 silly idealTree ├── binary-extensions@1.4.0
23 silly idealTree ├── bl@1.0.1
23 silly idealTree ├── bluebird@2.10.2
23 silly idealTree ├── boom@2.10.1
23 silly idealTree ├── brace-expansion@1.1.2
23 silly idealTree ├── braces@1.8.3
23 silly idealTree ├── caseless@0.11.0
23 silly idealTree ├── chalk@1.1.1
23 silly idealTree ├── chokidar@1.4.2
23 silly idealTree ├── combined-stream@1.0.5
23 silly idealTree ├── commander@2.9.0
23 silly idealTree ├── concat-map@0.0.1
23 silly idealTree ├── configstore@1.4.0
23 silly idealTree ├── content-disposition@0.5.0
23 silly idealTree ├── cookie-signature@1.0.5
23 silly idealTree ├── cookie@0.1.2
23 silly idealTree ├── core-util-is@1.0.2
23 silly idealTree ├── crc@3.2.1
23 silly idealTree ├── cryptiles@2.0.5
23 silly idealTree ├── dashdash@1.12.2
23 silly idealTree ├── debug@2.1.3
23 silly idealTree ├── deep-extend@0.4.1
23 silly idealTree ├── delayed-stream@1.0.0
23 silly idealTree ├── depd@1.0.1
23 silly idealTree ├── destroy@1.0.3
23 silly idealTree ├── duplexer@0.1.1
23 silly idealTree ├── duplexify@3.4.2
23 silly idealTree ├── ecc-jsbn@0.1.1
23 silly idealTree ├── ee-first@1.1.0
23 silly idealTree ├── end-of-stream@1.0.0
23 silly idealTree ├── es6-promise@3.0.2
23 silly idealTree ├── escape-html@1.0.1
23 silly idealTree ├── escape-string-regexp@1.0.4
23 silly idealTree ├── etag@1.5.1
23 silly idealTree ├── event-stream@3.3.2
23 silly idealTree ├── expand-brackets@0.1.4
23 silly idealTree ├── expand-range@1.8.1
23 silly idealTree ├── express@4.10.8
23 silly idealTree ├── extend@3.0.0
23 silly idealTree ├── extglob@0.3.2
23 silly idealTree ├── extsprintf@1.0.2
23 silly idealTree ├── filename-regex@2.0.0
23 silly idealTree ├── fill-range@2.2.3
23 silly idealTree ├── finalhandler@0.3.3
23 silly idealTree ├── for-in@0.1.4
23 silly idealTree ├── for-own@0.1.3
23 silly idealTree ├── forever-agent@0.6.1
23 silly idealTree ├─┬ form-data@1.0.0-rc3
23 silly idealTree │ ├── mime-db@1.21.0
23 silly idealTree │ └── mime-types@2.1.9
23 silly idealTree ├── forwarded@0.1.0
23 silly idealTree ├── fresh@0.2.4
23 silly idealTree ├── from@0.1.3
23 silly idealTree ├─┬ fsevents@1.0.7
23 silly idealTree │ ├── ansi-regex@2.0.0
23 silly idealTree │ ├── ansi-styles@2.1.0
23 silly idealTree │ ├── ansi@0.3.0
23 silly idealTree │ ├── are-we-there-yet@1.0.5
23 silly idealTree │ ├── asn1@0.2.3
23 silly idealTree │ ├── assert-plus@0.1.5
23 silly idealTree │ ├── async@1.5.1
23 silly idealTree │ ├── aws-sign2@0.6.0
23 silly idealTree │ ├── bl@1.0.0
23 silly idealTree │ ├── block-stream@0.0.8
23 silly idealTree │ ├── boom@2.10.1
23 silly idealTree │ ├── caseless@0.11.0
23 silly idealTree │ ├── chalk@1.1.1
23 silly idealTree │ ├── combined-stream@1.0.5
23 silly idealTree │ ├── commander@2.9.0
23 silly idealTree │ ├── core-util-is@1.0.2
23 silly idealTree │ ├── cryptiles@2.0.5
23 silly idealTree │ ├── dashdash@1.11.0
23 silly idealTree │ ├── debug@0.7.4
23 silly idealTree │ ├── deep-extend@0.4.0
23 silly idealTree │ ├── delayed-stream@1.0.0
23 silly idealTree │ ├── delegates@0.1.0
23 silly idealTree │ ├── ecc-jsbn@0.1.1
23 silly idealTree │ ├── escape-string-regexp@1.0.4
23 silly idealTree │ ├── extend@3.0.0
23 silly idealTree │ ├── extsprintf@1.0.2
23 silly idealTree │ ├── forever-agent@0.6.1
23 silly idealTree │ ├── form-data@1.0.0-rc3
23 silly idealTree │ ├─┬ fstream-ignore@1.0.3
23 silly idealTree │ │ └─┬ minimatch@3.0.0
23 silly idealTree │ │   └─┬ brace-expansion@1.1.2
23 silly idealTree │ │     ├── balanced-match@0.3.0
23 silly idealTree │ │     └── concat-map@0.0.1
23 silly idealTree │ ├── fstream@1.0.8
23 silly idealTree │ ├── gauge@1.2.2
23 silly idealTree │ ├── generate-function@2.0.0
23 silly idealTree │ ├── generate-object-property@1.2.0
23 silly idealTree │ ├── graceful-fs@4.1.2
23 silly idealTree │ ├── graceful-readlink@1.0.1
23 silly idealTree │ ├── har-validator@2.0.3
23 silly idealTree │ ├── has-ansi@2.0.0
23 silly idealTree │ ├── has-unicode@1.0.1
23 silly idealTree │ ├── hawk@3.1.2
23 silly idealTree │ ├── hoek@2.16.3
23 silly idealTree │ ├── http-signature@1.1.0
23 silly idealTree │ ├── inherits@2.0.1
23 silly idealTree │ ├── ini@1.3.4
23 silly idealTree │ ├── is-my-json-valid@2.12.3
23 silly idealTree │ ├── is-property@1.0.2
23 silly idealTree │ ├── is-typedarray@1.0.0
23 silly idealTree │ ├── isarray@0.0.1
23 silly idealTree │ ├── isstream@0.1.2
23 silly idealTree │ ├── jodid25519@1.0.2
23 silly idealTree │ ├── jsbn@0.1.0
23 silly idealTree │ ├── json-schema@0.2.2
23 silly idealTree │ ├── json-stringify-safe@5.0.1
23 silly idealTree │ ├── jsonpointer@2.0.0
23 silly idealTree │ ├── jsprim@1.2.2
23 silly idealTree │ ├── lodash._basetostring@3.0.1
23 silly idealTree │ ├── lodash._createpadding@3.6.1
23 silly idealTree │ ├── lodash.pad@3.1.1
23 silly idealTree │ ├── lodash.padleft@3.1.1
23 silly idealTree │ ├── lodash.padright@3.1.1
23 silly idealTree │ ├── lodash.repeat@3.0.1
23 silly idealTree │ ├── mime-db@1.21.0
23 silly idealTree │ ├── mime-types@2.1.9
23 silly idealTree │ ├── minimist@0.0.8
23 silly idealTree │ ├── mkdirp@0.5.1
23 silly idealTree │ ├─┬ node-pre-gyp@0.6.19
23 silly idealTree │ │ └─┬ nopt@3.0.6
23 silly idealTree │ │   └── abbrev@1.0.7
23 silly idealTree │ ├── node-uuid@1.4.7
23 silly idealTree │ ├── npmlog@2.0.0
23 silly idealTree │ ├── oauth-sign@0.8.0
23 silly idealTree │ ├── once@1.1.1
23 silly idealTree │ ├── pinkie-promise@2.0.0
23 silly idealTree │ ├── pinkie@2.0.1
23 silly idealTree │ ├── process-nextick-args@1.0.6
23 silly idealTree │ ├── qs@5.2.0
23 silly idealTree │ ├─┬ rc@1.1.6
23 silly idealTree │ │ └── minimist@1.2.0
23 silly idealTree │ ├── readable-stream@2.0.5
23 silly idealTree │ ├── request@2.67.0
23 silly idealTree │ ├─┬ rimraf@2.5.0
23 silly idealTree │ │ └─┬ glob@6.0.3
23 silly idealTree │ │   ├─┬ inflight@1.0.4
23 silly idealTree │ │   │ └── wrappy@1.0.1
23 silly idealTree │ │   ├── inherits@2.0.1
23 silly idealTree │ │   ├─┬ minimatch@3.0.0
23 silly idealTree │ │   │ └─┬ brace-expansion@1.1.2
23 silly idealTree │ │   │   ├── balanced-match@0.3.0
23 silly idealTree │ │   │   └── concat-map@0.0.1
23 silly idealTree │ │   ├─┬ once@1.3.3
23 silly idealTree │ │   │ └── wrappy@1.0.1
23 silly idealTree │ │   └── path-is-absolute@1.0.0
23 silly idealTree │ ├── semver@5.1.0
23 silly idealTree │ ├── sntp@1.0.9
23 silly idealTree │ ├─┬ sshpk@1.7.2
23 silly idealTree │ │ └── assert-plus@0.2.0
23 silly idealTree │ ├── string_decoder@0.10.31
23 silly idealTree │ ├── stringstream@0.0.5
23 silly idealTree │ ├── strip-ansi@3.0.0
23 silly idealTree │ ├── strip-json-comments@1.0.4
23 silly idealTree │ ├── supports-color@2.0.0
23 silly idealTree │ ├─┬ tar-pack@3.1.2
23 silly idealTree │ │ └─┬ rimraf@2.4.5
23 silly idealTree │ │   └─┬ glob@6.0.3
23 silly idealTree │ │     ├─┬ inflight@1.0.4
23 silly idealTree │ │     │ └── wrappy@1.0.1
23 silly idealTree │ │     ├── inherits@2.0.1
23 silly idealTree │ │     ├─┬ minimatch@3.0.0
23 silly idealTree │ │     │ └─┬ brace-expansion@1.1.2
23 silly idealTree │ │     │   ├── balanced-match@0.3.0
23 silly idealTree │ │     │   └── concat-map@0.0.1
23 silly idealTree │ │     ├─┬ once@1.3.3
23 silly idealTree │ │     │ └── wrappy@1.0.1
23 silly idealTree │ │     └── path-is-absolute@1.0.0
23 silly idealTree │ ├── tar@2.2.1
23 silly idealTree │ ├── tough-cookie@2.2.1
23 silly idealTree │ ├── tunnel-agent@0.4.2
23 silly idealTree │ ├── tweetnacl@0.13.2
23 silly idealTree │ ├── uid-number@0.0.3
23 silly idealTree │ ├── util-deprecate@1.0.2
23 silly idealTree │ ├── verror@1.3.6
23 silly idealTree │ └── xtend@4.0.1
23 silly idealTree ├── generate-function@2.0.0
23 silly idealTree ├── generate-object-property@1.2.0
23 silly idealTree ├── glob-base@0.3.0
23 silly idealTree ├── glob-parent@2.0.0
23 silly idealTree ├─┬ got@3.3.1
23 silly idealTree │ └── object-assign@3.0.0
23 silly idealTree ├── graceful-fs@4.1.3
23 silly idealTree ├── graceful-readlink@1.0.1
23 silly idealTree ├── har-validator@2.0.6
23 silly idealTree ├── has-ansi@2.0.0
23 silly idealTree ├── hawk@3.1.3
23 silly idealTree ├── hoek@2.16.3
23 silly idealTree ├── http-signature@1.1.1
23 silly idealTree ├── imurmurhash@0.1.4
23 silly idealTree ├── infinity-agent@2.0.3
23 silly idealTree ├── inherits@2.0.1
23 silly idealTree ├── ini@1.3.4
23 silly idealTree ├── ipaddr.js@1.0.5
23 silly idealTree ├── is-binary-path@1.0.1
23 silly idealTree ├── is-buffer@1.1.2
23 silly idealTree ├── is-dotfile@1.0.2
23 silly idealTree ├── is-equal-shallow@0.1.3
23 silly idealTree ├── is-extendable@0.1.1
23 silly idealTree ├── is-extglob@1.0.0
23 silly idealTree ├── is-finite@1.0.1
23 silly idealTree ├── is-glob@2.0.1
23 silly idealTree ├── is-my-json-valid@2.12.4
23 silly idealTree ├── is-npm@1.0.0
23 silly idealTree ├── is-number@2.1.0
23 silly idealTree ├── is-primitive@2.0.0
23 silly idealTree ├── is-property@1.0.2
23 silly idealTree ├── is-redirect@1.0.0
23 silly idealTree ├── is-stream@1.0.1
23 silly idealTree ├── is-typedarray@1.0.0
23 silly idealTree ├── isarray@0.0.1
23 silly idealTree ├── isobject@2.0.0
23 silly idealTree ├── isstream@0.1.2
23 silly idealTree ├── jodid25519@1.0.2
23 silly idealTree ├── js-md5@0.4.0
23 silly idealTree ├── jsbn@0.1.0
23 silly idealTree ├── json-schema@0.2.2
23 silly idealTree ├── json-stringify-safe@5.0.1
23 silly idealTree ├── jsonpointer@2.0.0
23 silly idealTree ├── jsprim@1.2.2
23 silly idealTree ├── kind-of@3.0.2
23 silly idealTree ├── latest-version@1.0.1
23 silly idealTree ├── lodash._baseassign@3.2.0
23 silly idealTree ├── lodash._basecopy@3.0.1
23 silly idealTree ├── lodash._bindcallback@3.0.1
23 silly idealTree ├── lodash._createassigner@3.1.1
23 silly idealTree ├── lodash._getnative@3.9.1
23 silly idealTree ├── lodash._isiterateecall@3.0.9
23 silly idealTree ├── lodash.assign@3.2.0
23 silly idealTree ├── lodash.defaults@3.1.2
23 silly idealTree ├── lodash.isarguments@3.0.6
23 silly idealTree ├── lodash.isarray@3.0.4
23 silly idealTree ├── lodash.keys@3.1.2
23 silly idealTree ├── lodash.restparam@3.6.1
23 silly idealTree ├── lowercase-keys@1.0.0
23 silly idealTree ├── lru-cache@2.7.3
23 silly idealTree ├── map-stream@0.1.0
23 silly idealTree ├── media-typer@0.3.0
23 silly idealTree ├── merge-descriptors@0.0.2
23 silly idealTree ├── methods@1.1.1
23 silly idealTree ├── micromatch@2.3.7
23 silly idealTree ├── mime-db@1.12.0
23 silly idealTree ├── mime-types@2.0.14
23 silly idealTree ├── mime@1.2.11
23 silly idealTree ├── minimatch@3.0.0
23 silly idealTree ├── minimist@0.0.8
23 silly idealTree ├── mkdirp@0.5.1
23 silly idealTree ├── ms@0.7.0
23 silly idealTree ├── nan@2.2.0
23 silly idealTree ├── negotiator@0.4.9
23 silly idealTree ├── nested-error-stacks@1.0.2
23 silly idealTree ├── node-uuid@1.4.7
23 silly idealTree ├─┬ nodemon@1.8.1
23 silly idealTree │ ├── debug@2.2.0
23 silly idealTree │ └── ms@0.7.1
23 silly idealTree ├── nopt@1.0.10
23 silly idealTree ├── normalize-path@2.0.1
23 silly idealTree ├── number-is-nan@1.0.0
23 silly idealTree ├── oauth-sign@0.8.1
23 silly idealTree ├── object-assign@4.0.1
23 silly idealTree ├── object.omit@2.0.0
23 silly idealTree ├── on-finished@2.2.1
23 silly idealTree ├── once@1.3.3
23 silly idealTree ├── os-homedir@1.0.1
23 silly idealTree ├── os-tmpdir@1.0.1
23 silly idealTree ├── osenv@0.1.3
23 silly idealTree ├── package-json@1.2.0
23 silly idealTree ├── parse-glob@3.0.4
23 silly idealTree ├── parseurl@1.3.1
23 silly idealTree ├── path-is-absolute@1.0.0
23 silly idealTree ├── path-to-regexp@0.1.3
23 silly idealTree ├── pause-stream@0.0.11
23 silly idealTree ├── pinkie-promise@2.0.0
23 silly idealTree ├── pinkie@2.0.4
23 silly idealTree ├── prepend-http@1.0.3
23 silly idealTree ├── preserve@0.2.0
23 silly idealTree ├── process-nextick-args@1.0.6
23 silly idealTree ├── proxy-addr@1.0.10
23 silly idealTree ├── ps-tree@1.0.1
23 silly idealTree ├── qs@2.3.3
23 silly idealTree ├── randomatic@1.1.5
23 silly idealTree ├── range-parser@1.0.3
23 silly idealTree ├─┬ rc@1.1.6
23 silly idealTree │ └── minimist@1.2.0
23 silly idealTree ├── read-all-stream@3.1.0
23 silly idealTree ├── readable-stream@2.0.5
23 silly idealTree ├─┬ readdirp@2.0.0
23 silly idealTree │ └── minimatch@2.0.10
23 silly idealTree ├── regex-cache@0.4.2
23 silly idealTree ├── registry-url@3.0.3
23 silly idealTree ├── repeat-element@1.1.2
23 silly idealTree ├── repeat-string@1.5.2
23 silly idealTree ├── repeating@1.1.3
23 silly idealTree ├─┬ request@2.69.0
23 silly idealTree │ ├── mime-db@1.21.0
23 silly idealTree │ ├── mime-types@2.1.9
23 silly idealTree │ └── qs@6.0.2
23 silly idealTree ├── semver-diff@2.1.0
23 silly idealTree ├── semver@5.1.0
23 silly idealTree ├─┬ send@0.10.1
23 silly idealTree │ ├── ms@0.6.2
23 silly idealTree │ └── on-finished@2.1.1
23 silly idealTree ├── serve-static@1.7.2
23 silly idealTree ├── slide@1.1.6
23 silly idealTree ├── sntp@1.0.9
23 silly idealTree ├── split@0.3.3
23 silly idealTree ├── sshpk@1.7.3
23 silly idealTree ├── stream-combiner@0.0.4
23 silly idealTree ├── string_decoder@0.10.31
23 silly idealTree ├── string-length@1.0.1
23 silly idealTree ├── stringstream@0.0.5
23 silly idealTree ├── strip-ansi@3.0.0
23 silly idealTree ├── strip-json-comments@1.0.4
23 silly idealTree ├── supports-color@2.0.0
23 silly idealTree ├── through@2.3.8
23 silly idealTree ├── timed-out@2.0.0
23 silly idealTree ├── touch@1.0.0
23 silly idealTree ├── tough-cookie@2.2.1
23 silly idealTree ├── tunnel-agent@0.4.2
23 silly idealTree ├── tweetnacl@0.13.3
23 silly idealTree ├── type-is@1.5.7
23 silly idealTree ├── undefsafe@0.0.3
23 silly idealTree ├── update-notifier@0.5.0
23 silly idealTree ├── util-deprecate@1.0.2
23 silly idealTree ├── utils-merge@1.0.0
23 silly idealTree ├── uuid@2.0.1
23 silly idealTree ├── vary@1.0.1
23 silly idealTree ├── verror@1.3.6
23 silly idealTree ├── wrappy@1.0.1
23 silly idealTree ├── write-file-atomic@1.1.4
23 silly idealTree ├── xdg-basedir@2.0.0
23 silly idealTree └── xtend@4.0.1
24 silly generateActionsToTake Starting
25 silly install generateActionsToTake
26 silly generateActionsToTake Finishing
27 silly diffTrees action count 2
28 silly diffTrees update js-md5@0.4.0
29 silly diffTrees update nodemon@1.8.1
30 silly decomposeActions action count 16
31 silly decomposeActions fetch js-md5@0.4.0
32 silly decomposeActions extract js-md5@0.4.0
33 silly decomposeActions test js-md5@0.4.0
34 silly decomposeActions preinstall js-md5@0.4.0
35 silly decomposeActions build js-md5@0.4.0
36 silly decomposeActions install js-md5@0.4.0
37 silly decomposeActions postinstall js-md5@0.4.0
38 silly decomposeActions finalize js-md5@0.4.0
39 silly decomposeActions fetch nodemon@1.8.1
40 silly decomposeActions extract nodemon@1.8.1
41 silly decomposeActions test nodemon@1.8.1
42 silly decomposeActions preinstall nodemon@1.8.1
43 silly decomposeActions build nodemon@1.8.1
44 silly decomposeActions install nodemon@1.8.1
45 silly decomposeActions postinstall nodemon@1.8.1
46 silly decomposeActions finalize nodemon@1.8.1
47 silly executeActions Starting
48 silly install executeActions
49 silly doSerial global-install 0
50 silly doParallel fetch 2
51 verbose lock using /Users/paulonogueira/.npm/_locks/staging-696c40234c4a6f4a.lock for /Users/paulonogueira/projetos/apiscupjs/node_modules/.staging
52 silly doParallel extract 2
53 silly extract js-md5@0.4.0
54 silly extract nodemon@1.8.1
55 verbose unbuild node_modules/.staging/js-md5-2f128afc
56 silly gentlyRm /Users/paulonogueira/projetos/apiscupjs/node_modules/.staging/js-md5-2f128afc is being purged from base /Users/paulonogueira/projetos/apiscupjs
57 verbose gentlyRm don't care about contents; nuking /Users/paulonogueira/projetos/apiscupjs/node_modules/.staging/js-md5-2f128afc
58 verbose tar unpack /Users/paulonogueira/.npm/js-md5/0.4.0/package.tgz
59 verbose tar unpacking to /Users/paulonogueira/projetos/apiscupjs/node_modules/.staging/js-md5-2f128afc
60 silly gentlyRm /Users/paulonogueira/projetos/apiscupjs/node_modules/.staging/js-md5-2f128afc is being purged
61 verbose gentlyRm don't care about contents; nuking /Users/paulonogueira/projetos/apiscupjs/node_modules/.staging/js-md5-2f128afc
62 silly gunzTarPerm modes [ '755', '644' ]
63 verbose unbuild node_modules/.staging/nodemon-0476fe96
64 silly gentlyRm /Users/paulonogueira/projetos/apiscupjs/node_modules/.staging/nodemon-0476fe96 is being purged from base /Users/paulonogueira/projetos/apiscupjs
65 verbose gentlyRm don't care about contents; nuking /Users/paulonogueira/projetos/apiscupjs/node_modules/.staging/nodemon-0476fe96
66 verbose tar unpack /Users/paulonogueira/.npm/nodemon/1.8.1/package.tgz
67 verbose tar unpacking to /Users/paulonogueira/projetos/apiscupjs/node_modules/.staging/nodemon-0476fe96
68 silly gentlyRm /Users/paulonogueira/projetos/apiscupjs/node_modules/.staging/nodemon-0476fe96 is being purged
69 verbose gentlyRm don't care about contents; nuking /Users/paulonogueira/projetos/apiscupjs/node_modules/.staging/nodemon-0476fe96
70 silly gunzTarPerm modes [ '755', '644' ]
71 silly gunzTarPerm extractEntry package.json
72 silly gunzTarPerm modified mode [ 'package.json', 436, 420 ]
73 silly gunzTarPerm extractEntry .npmignore
74 silly gunzTarPerm modified mode [ '.npmignore', 436, 420 ]
75 silly gunzTarPerm extractEntry README.md
76 silly gunzTarPerm modified mode [ 'README.md', 436, 420 ]
77 silly gunzTarPerm extractEntry .travis.yml
78 silly gunzTarPerm modified mode [ '.travis.yml', 436, 420 ]
79 silly gunzTarPerm extractEntry CODE_OF_CONDUCT.md
80 silly gunzTarPerm modified mode [ 'CODE_OF_CONDUCT.md', 436, 420 ]
81 silly gunzTarPerm extractEntry CONTRIBUTING.md
82 silly gunzTarPerm modified mode [ 'CONTRIBUTING.md', 436, 420 ]
83 silly gunzTarPerm extractEntry Dockerfile
84 silly gunzTarPerm modified mode [ 'Dockerfile', 436, 420 ]
85 silly gunzTarPerm extractEntry .jscsrc
86 silly gunzTarPerm modified mode [ '.jscsrc', 436, 420 ]
87 silly gunzTarPerm extractEntry bin/nodemon.js
88 silly gunzTarPerm modified mode [ 'bin/nodemon.js', 509, 493 ]
89 silly gunzTarPerm extractEntry doc/arch.md
90 silly gunzTarPerm modified mode [ 'doc/arch.md', 436, 420 ]
91 silly gunzTarPerm extractEntry doc/cli/authors.txt
92 silly gunzTarPerm modified mode [ 'doc/cli/authors.txt', 436, 420 ]
93 silly gunzTarPerm extractEntry doc/cli/config.txt
94 silly gunzTarPerm modified mode [ 'doc/cli/config.txt', 436, 420 ]
95 silly gunzTarPerm extractEntry doc/cli/help.txt
96 silly gunzTarPerm modified mode [ 'doc/cli/help.txt', 436, 420 ]
97 silly gunzTarPerm extractEntry doc/cli/logo.txt
98 silly gunzTarPerm modified mode [ 'doc/cli/logo.txt', 436, 420 ]
99 silly gunzTarPerm extractEntry doc/cli/topics.txt
100 silly gunzTarPerm modified mode [ 'doc/cli/topics.txt', 436, 420 ]
101 silly gunzTarPerm extractEntry doc/cli/usage.txt
102 silly gunzTarPerm modified mode [ 'doc/cli/usage.txt', 436, 420 ]
103 silly gunzTarPerm extractEntry doc/cli/whoami.txt
104 silly gunzTarPerm modified mode [ 'doc/cli/whoami.txt', 436, 420 ]
105 silly gunzTarPerm extractEntry doc/events.md
106 silly gunzTarPerm modified mode [ 'doc/events.md', 436, 420 ]
107 silly gunzTarPerm extractEntry doc/option-parsing-logic.md
108 silly gunzTarPerm modified mode [ 'doc/option-parsing-logic.md', 436, 420 ]
109 silly gunzTarPerm extractEntry doc/requireable.md
110 silly gunzTarPerm modified mode [ 'doc/requireable.md', 436, 420 ]
111 silly gunzTarPerm extractEntry doc/rules.md
112 silly gunzTarPerm modified mode [ 'doc/rules.md', 436, 420 ]
113 silly gunzTarPerm extractEntry doc/sample-nodemon.md
114 silly gunzTarPerm modified mode [ 'doc/sample-nodemon.md', 436, 420 ]
115 silly gunzTarPerm extractEntry faq.md
116 silly gunzTarPerm modified mode [ 'faq.md', 436, 420 ]
117 silly gunzTarPerm extractEntry lib/index.js
118 silly gunzTarPerm modified mode [ 'lib/index.js', 436, 420 ]
119 silly gunzTarPerm extractEntry lib/nodemon.js
120 silly gunzTarPerm modified mode [ 'lib/nodemon.js', 436, 420 ]
121 silly gunzTarPerm extractEntry lib/spawn.js
122 silly gunzTarPerm modified mode [ 'lib/spawn.js', 436, 420 ]
123 silly gunzTarPerm extractEntry lib/version.js
124 silly gunzTarPerm modified mode [ 'lib/version.js', 436, 420 ]
125 silly gunzTarPerm extractEntry lib/cli/index.js
126 silly gunzTarPerm modified mode [ 'lib/cli/index.js', 436, 420 ]
127 silly gunzTarPerm extractEntry lib/cli/parse.js
128 silly gunzTarPerm modified mode [ 'lib/cli/parse.js', 436, 420 ]
129 silly gunzTarPerm extractEntry lib/config/command.js
130 silly gunzTarPerm modified mode [ 'lib/config/command.js', 436, 420 ]
131 silly gunzTarPerm extractEntry lib/config/defaults.js
132 silly gunzTarPerm modified mode [ 'lib/config/defaults.js', 436, 420 ]
133 silly gunzTarPerm extractEntry lib/config/exec.js
134 silly gunzTarPerm modified mode [ 'lib/config/exec.js', 436, 420 ]
135 silly gunzTarPerm extractEntry lib/config/index.js
136 silly gunzTarPerm modified mode [ 'lib/config/index.js', 436, 420 ]
137 silly gunzTarPerm extractEntry lib/config/load.js
138 silly gunzTarPerm modified mode [ 'lib/config/load.js', 436, 420 ]
139 silly gunzTarPerm extractEntry lib/help/index.js
140 silly gunzTarPerm modified mode [ 'lib/help/index.js', 436, 420 ]
141 silly gunzTarPerm extractEntry lib/monitor/index.js
142 silly gunzTarPerm modified mode [ 'lib/monitor/index.js', 436, 420 ]
143 silly gunzTarPerm extractEntry lib/monitor/match.js
144 silly gunzTarPerm modified mode [ 'lib/monitor/match.js', 436, 420 ]
145 silly gunzTarPerm extractEntry lib/monitor/run.js
146 silly gunzTarPerm modified mode [ 'lib/monitor/run.js', 436, 420 ]
147 silly gunzTarPerm extractEntry lib/monitor/watch.js
148 silly gunzTarPerm modified mode [ 'lib/monitor/watch.js', 436, 420 ]
149 silly gunzTarPerm extractEntry lib/rules/add.js
150 silly gunzTarPerm modified mode [ 'lib/rules/add.js', 436, 420 ]
151 silly gunzTarPerm extractEntry lib/rules/index.js
152 silly gunzTarPerm modified mode [ 'lib/rules/index.js', 436, 420 ]
153 silly gunzTarPerm extractEntry lib/rules/parse.js
154 silly gunzTarPerm modified mode [ 'lib/rules/parse.js', 436, 420 ]
155 silly gunzTarPerm extractEntry lib/utils/bus.js
156 silly gunzTarPerm modified mode [ 'lib/utils/bus.js', 436, 420 ]
157 silly gunzTarPerm extractEntry lib/utils/clone.js
158 silly gunzTarPerm modified mode [ 'lib/utils/clone.js', 436, 420 ]
159 silly gunzTarPerm extractEntry lib/utils/colour.js
160 silly gunzTarPerm modified mode [ 'lib/utils/colour.js', 436, 420 ]
161 silly gunzTarPerm extractEntry lib/utils/index.js
162 silly gunzTarPerm modified mode [ 'lib/utils/index.js', 436, 420 ]
163 silly gunzTarPerm extractEntry lib/utils/log.js
164 silly gunzTarPerm modified mode [ 'lib/utils/log.js', 436, 420 ]
165 silly gunzTarPerm extractEntry lib/utils/merge.js
166 silly gunzTarPerm modified mode [ 'lib/utils/merge.js', 436, 420 ]
167 silly gunzTarPerm extractEntry travis_after_all.py
168 silly gunzTarPerm modified mode [ 'travis_after_all.py', 436, 420 ]
169 silly gunzTarPerm extractEntry .jshintrc
170 silly gunzTarPerm modified mode [ '.jshintrc', 436, 420 ]
171 silly gunzTarPerm extractEntry web/index.js
172 silly gunzTarPerm modified mode [ 'web/index.js', 436, 420 ]
173 silly gunzTarPerm extractEntry web/index.html
174 silly gunzTarPerm modified mode [ 'web/index.html', 436, 420 ]
175 silly gunzTarPerm extractEntry web/nodemon.svg
176 silly gunzTarPerm modified mode [ 'web/nodemon.svg', 436, 420 ]
177 silly gentlyRm /Users/paulonogueira/projetos/apiscupjs/node_modules/.staging/nodemon-0476fe96/node_modules is being purged
178 verbose gentlyRm don't care about contents; nuking /Users/paulonogueira/projetos/apiscupjs/node_modules/.staging/nodemon-0476fe96/node_modules
179 silly gunzTarPerm extractEntry package.json
180 silly gunzTarPerm extractEntry .npmignore
181 silly gunzTarPerm extractEntry README.md
182 silly gunzTarPerm extractEntry bower.json
183 silly gunzTarPerm extractEntry CHANGELOG.md
184 silly gunzTarPerm extractEntry LICENSE.txt
185 silly gunzTarPerm extractEntry .covignore
186 silly gunzTarPerm extractEntry build/md5.min.js
187 silly gunzTarPerm extractEntry doc/Md5_.html
188 silly gunzTarPerm extractEntry doc/fonts/OpenSans-Light-webfont.eot
189 silly gunzTarPerm extractEntry doc/fonts/OpenSans-Bold-webfont.eot
190 silly gunzTarPerm extractEntry doc/fonts/OpenSans-Bold-webfont.woff
191 silly gunzTarPerm extractEntry doc/fonts/OpenSans-BoldItalic-webfont.eot
192 silly gunzTarPerm extractEntry doc/fonts/OpenSans-BoldItalic-webfont.svg
193 silly gunzTarPerm extractEntry doc/fonts/OpenSans-BoldItalic-webfont.woff
194 silly gunzTarPerm extractEntry doc/fonts/OpenSans-Italic-webfont.eot
195 silly gunzTarPerm extractEntry doc/fonts/OpenSans-Italic-webfont.svg
196 silly gunzTarPerm extractEntry doc/fonts/OpenSans-Italic-webfont.woff
197 silly gunzTarPerm extractEntry doc/fonts/OpenSans-Bold-webfont.svg
198 silly gunzTarPerm extractEntry doc/fonts/OpenSans-Light-webfont.svg
199 silly gunzTarPerm extractEntry doc/fonts/OpenSans-Light-webfont.woff
200 silly gunzTarPerm extractEntry doc/fonts/OpenSans-LightItalic-webfont.eot
201 silly gunzTarPerm extractEntry doc/fonts/OpenSans-LightItalic-webfont.svg
202 silly gunzTarPerm extractEntry doc/fonts/OpenSans-LightItalic-webfont.woff
203 silly gunzTarPerm extractEntry doc/fonts/OpenSans-Regular-webfont.eot
204 silly gunzTarPerm extractEntry doc/fonts/OpenSans-Regular-webfont.svg
205 silly gunzTarPerm extractEntry doc/fonts/OpenSans-Regular-webfont.woff
206 silly gunzTarPerm extractEntry doc/global.html
207 silly gunzTarPerm extractEntry doc/index.html
208 silly gunzTarPerm extractEntry doc/md5.html
209 silly gunzTarPerm extractEntry doc/md5.js.html
210 silly gunzTarPerm extractEntry doc/scripts/linenumber.js
211 silly gunzTarPerm extractEntry doc/scripts/prettify/lang-css.js
212 silly gunzTarPerm extractEntry doc/scripts/prettify/prettify.js
213 silly gunzTarPerm extractEntry doc/scripts/prettify/Apache-License-2.0.txt
214 silly gunzTarPerm extractEntry doc/styles/jsdoc-default.css
215 silly gunzTarPerm extractEntry doc/styles/prettify-jsdoc.css
216 silly gunzTarPerm extractEntry doc/styles/prettify-tomorrow.css
217 silly gunzTarPerm extractEntry src/md5.js
218 silly gunzTarPerm extractEntry .travis.yml
219 silly gunzTarPerm extractEntry tests/node-test.js
220 silly gunzTarPerm extractEntry tests/test.js
221 silly gunzTarPerm extractEntry tests/index.html
222 silly gunzTarPerm extractEntry tests/requirejs.html
223 silly gentlyRm /Users/paulonogueira/projetos/apiscupjs/node_modules/.staging/js-md5-2f128afc/node_modules is being purged
224 verbose gentlyRm don't care about contents; nuking /Users/paulonogueira/projetos/apiscupjs/node_modules/.staging/js-md5-2f128afc/node_modules
225 silly doParallel preinstall 2
226 silly preinstall js-md5@0.4.0 /Users/paulonogueira/projetos/apiscupjs/node_modules/.staging/js-md5-2f128afc
227 info lifecycle js-md5@0.4.0~preinstall: js-md5@0.4.0
228 silly preinstall nodemon@1.8.1 /Users/paulonogueira/projetos/apiscupjs/node_modules/.staging/nodemon-0476fe96
229 info lifecycle nodemon@1.8.1~preinstall: nodemon@1.8.1
230 silly lifecycle js-md5@0.4.0~preinstall: no script for preinstall, continuing
231 silly lifecycle nodemon@1.8.1~preinstall: no script for preinstall, continuing
232 silly doReverseSerial remove 0
233 silly doSerial move 0
234 silly doSerial finalize 2
235 silly finalize /Users/paulonogueira/projetos/apiscupjs/node_modules/js-md5
236 silly finalize /Users/paulonogueira/projetos/apiscupjs/node_modules/nodemon
237 silly doSerial build 2
238 silly build js-md5@0.4.0
239 info linkStuff js-md5@0.4.0
240 silly linkStuff js-md5@0.4.0 has /Users/paulonogueira/projetos/apiscupjs/node_modules as its parent node_modules
241 verbose linkBins js-md5@0.4.0
242 verbose linkMans js-md5@0.4.0
243 silly build nodemon@1.8.1
244 info linkStuff nodemon@1.8.1
245 silly linkStuff nodemon@1.8.1 has /Users/paulonogueira/projetos/apiscupjs/node_modules as its parent node_modules
246 verbose linkBins nodemon@1.8.1
247 verbose link bins [ { nodemon: './bin/nodemon.js' },
247 verbose link bins   '/Users/paulonogueira/projetos/apiscupjs/node_modules/.bin',
247 verbose link bins   false ]
248 verbose linkMans nodemon@1.8.1
249 silly doSerial global-link 0
250 silly doParallel update-linked 0
251 silly doSerial install 2
252 silly install js-md5@0.4.0 /Users/paulonogueira/projetos/apiscupjs/node_modules/.staging/js-md5-2f128afc
253 info lifecycle js-md5@0.4.0~install: js-md5@0.4.0
254 silly lifecycle js-md5@0.4.0~install: no script for install, continuing
255 silly install nodemon@1.8.1 /Users/paulonogueira/projetos/apiscupjs/node_modules/.staging/nodemon-0476fe96
256 info lifecycle nodemon@1.8.1~install: nodemon@1.8.1
257 silly lifecycle nodemon@1.8.1~install: no script for install, continuing
258 silly doSerial postinstall 2
259 silly postinstall js-md5@0.4.0 /Users/paulonogueira/projetos/apiscupjs/node_modules/.staging/js-md5-2f128afc
260 info lifecycle js-md5@0.4.0~postinstall: js-md5@0.4.0
261 silly lifecycle js-md5@0.4.0~postinstall: no script for postinstall, continuing
262 silly postinstall nodemon@1.8.1 /Users/paulonogueira/projetos/apiscupjs/node_modules/.staging/nodemon-0476fe96
263 info lifecycle nodemon@1.8.1~postinstall: nodemon@1.8.1
264 silly lifecycle nodemon@1.8.1~postinstall: no script for postinstall, continuing
265 verbose unlock done using /Users/paulonogueira/.npm/_locks/staging-696c40234c4a6f4a.lock for /Users/paulonogueira/projetos/apiscupjs/node_modules/.staging
266 silly executeActions Finishing
267 silly rollbackFailedOptional Starting
268 silly rollbackFailedOptional Finishing
269 silly runTopLevelLifecycles Starting
270 silly install runTopLevelLifecycles
271 silly preinstall ApiScupJS@0.0.0 /Users/paulonogueira/projetos/apiscupjs/ApiScupJS-fac38de0
272 info lifecycle ApiScupJS@0.0.0~preinstall: ApiScupJS@0.0.0
273 silly lifecycle ApiScupJS@0.0.0~preinstall: no script for preinstall, continuing
274 silly build ApiScupJS@0.0.0
275 info linkStuff ApiScupJS@0.0.0
276 silly linkStuff ApiScupJS@0.0.0 has /Users/paulonogueira/projetos as its parent node_modules
277 verbose linkBins ApiScupJS@0.0.0
278 verbose linkMans ApiScupJS@0.0.0
279 silly install ApiScupJS@0.0.0 /Users/paulonogueira/projetos/apiscupjs/ApiScupJS-fac38de0
280 info lifecycle ApiScupJS@0.0.0~install: ApiScupJS@0.0.0
281 silly lifecycle ApiScupJS@0.0.0~install: no script for install, continuing
282 silly postinstall ApiScupJS@0.0.0 /Users/paulonogueira/projetos/apiscupjs/ApiScupJS-fac38de0
283 info lifecycle ApiScupJS@0.0.0~postinstall: ApiScupJS@0.0.0
284 verbose lifecycle ApiScupJS@0.0.0~postinstall: unsafe-perm in lifecycle true
285 verbose lifecycle ApiScupJS@0.0.0~postinstall: PATH: /usr/local/lib/node_modules/npm/bin/node-gyp-bin:/Users/paulonogueira/projetos/apiscupjs/node_modules/.bin:/Users/paulonogueira/.rbenv/bin:/usr/local/bin:/usr/bin:/bin:/usr/sbin:/sbin:/usr/local/git/bin
286 verbose lifecycle ApiScupJS@0.0.0~postinstall: CWD: /Users/paulonogueira/projetos/apiscupjs
287 silly lifecycle ApiScupJS@0.0.0~postinstall: Args: [ '-c',
287 silly lifecycle   'open http://localhost:8080/monitorings && node server.js' ]
288 silly lifecycle ApiScupJS@0.0.0~postinstall: Returned: code: 1  signal: null
289 info lifecycle ApiScupJS@0.0.0~postinstall: Failed to exec postinstall script
290 warn ApiScupJS@0.0.0 No repository field.
291 warn ApiScupJS@0.0.0 No license field.
292 verbose stack Error: ApiScupJS@0.0.0 postinstall: `open http://localhost:8080/monitorings && node server.js`
292 verbose stack Exit status 1
292 verbose stack     at EventEmitter.<anonymous> (/usr/local/lib/node_modules/npm/lib/utils/lifecycle.js:232:16)
292 verbose stack     at EventEmitter.emit (events.js:110:17)
292 verbose stack     at ChildProcess.<anonymous> (/usr/local/lib/node_modules/npm/lib/utils/spawn.js:24:14)
292 verbose stack     at ChildProcess.emit (events.js:110:17)
292 verbose stack     at maybeClose (child_process.js:1008:16)
292 verbose stack     at Process.ChildProcess._handle.onexit (child_process.js:1080:5)
293 verbose pkgid ApiScupJS@0.0.0
294 verbose cwd /Users/paulonogueira/projetos/apiscupjs
295 error Darwin 14.5.0
296 error argv "node" "/usr/local/bin/npm" "install"
297 error node v0.12.0
298 error npm  v3.5.3
299 error code ELIFECYCLE
300 error ApiScupJS@0.0.0 postinstall: `open http://localhost:8080/monitorings && node server.js`
300 error Exit status 1
301 error Failed at the ApiScupJS@0.0.0 postinstall script 'open http://localhost:8080/monitorings && node server.js'.
301 error Make sure you have the latest version of node.js and npm installed.
301 error If you do, this is most likely a problem with the ApiScupJS package,
301 error not with npm itself.
301 error Tell the author that this fails on your system:
301 error     open http://localhost:8080/monitorings && node server.js
301 error You can get information on how to open an issue for this project with:
301 error     npm bugs ApiScupJS
301 error Or if that isn't available, you can get their info via:
301 error     npm owner ls ApiScupJS
301 error There is likely additional logging output above.
302 verbose exit [ 1, true ]
